<testsuite failures="0" name="features/parameters.feature" skipped="0" tests="2" time="1.552507">
  <testcase classname="features.parameters" name="path params" time="0.248177">
    <system-out>* def baseUrl = 'https://www.krafttechexlab.com/sw/api/v1/allusers' ....... passed
* def expected = .......................................................... passed
Given url baseUrl + '/getbyid' ............................................ passed
And path '1' .............................................................. passed
When method GET ........................................................... passed
Then status 200 ........................................................... passed
* print response .......................................................... passed
* match response == expected .............................................. passed</system-out>
  </testcase>
  <testcase classname="features.parameters" name="Query Params" time="1.30433">
    <system-out>* def baseUrl = 'https://www.krafttechexlab.com/sw/api/v1/allusers' ....... passed
* def expected = .......................................................... passed
Given url baseUrl + '/getbyid' ............................................ passed
And path '1' .............................................................. passed
When method GET ........................................................... passed
Then status 200 ........................................................... passed
* print response .......................................................... passed
* match response == expected .............................................. passed
* def baseUrl = 'https://www.krafttechexlab.com/sw/api/v1/allusers' ....... passed
Given url baseUrl ......................................................... passed
When path 'alluser' ....................................................... passed
* param skills = 'PHP' .................................................... passed
* param pagesize = 25 ..................................................... passed
* param page = 1 .......................................................... passed
* method GET .............................................................. passed
* status 200 .............................................................. passed
* match header Content-Type == 'application/json; charset=UTF-8' .......... passed
* print response[0].name .................................................. passed
* print response[0].skills ................................................ passed
Then match response[0].skills ==  ["PHP","Java"] .......................... passed
Then match response[0].name == "MercanS" .................................. passed
Then match each response[*].id == '#number' ............................... passed</system-out>
  </testcase>
</testsuite>
