<testsuite failures="0" name="features/denemeQaTest.feature" skipped="0" tests="2" time="5.345694">
  <testcase classname="features.denemeQaTest" name="Get all books List" time="2.725585">
    <system-out>Given url "https://demoqa.com/BookStore/v1/Books" ......................... passed
When method GET ........................................................... passed
Then status 200 ........................................................... passed
* print response .......................................................... passed
* match header Content-Type == "application/json; charset=utf-8" .......... passed
* match header X-Powered-By == "Express" .................................. passed
* match header Date == '#present' ......................................... passed</system-out>
  </testcase>
  <testcase classname="features.denemeQaTest" name="Json Body Verification" time="2.620109">
    <system-out>Given url "https://demoqa.com/BookStore/v1/Books" ......................... passed
When method GET ........................................................... passed
Then status 200 ........................................................... passed
* print response .......................................................... passed
* match header Content-Type == "application/json; charset=utf-8" .......... passed
* match header X-Powered-By == "Express" .................................. passed
* match header Date == '#present' ......................................... passed
Given url "https://demoqa.com/BookStore/v1/Books" ......................... passed
When method GET ........................................................... passed
Then status 200 ........................................................... passed
* print response .......................................................... passed
* print response.books[0].author .......................................... passed
* match response.books[0].author == 'Richard E. Silverman' ................ passed</system-out>
  </testcase>
</testsuite>
